<?xml version="1.0" encoding="UTF-8"?>
<!-- Generated by org.testng.reporters.JUnitReportReporter -->
<testsuite hostname="fv-az1347-321" failures="0" tests="2" name="org.openapitools.codegen.cmd.utils.OptionUtilsTest" time="0.080" errors="0" timestamp="2024-09-24T15:53:00 GMT" skipped="0">
  <testcase classname="org.openapitools.codegen.cmd.utils.OptionUtilsTest" name="splitCommaSeparatedList" time="0.075"/>
  <testcase classname="org.openapitools.codegen.cmd.utils.OptionUtilsTest" name="testParseCommaSeparatedTuples" time="0.005"/>
</testsuite> <!-- org.openapitools.codegen.cmd.utils.OptionUtilsTest -->
