<?xml version="1.0" encoding="UTF-8"?>
<!-- Generated by org.testng.reporters.JUnitReportReporter -->
<testsuite hostname="fv-az1347-321" failures="0" tests="9" name="org.openapitools.codegen.cmd.GenerateBatchTest" time="2.794" errors="0" timestamp="2024-09-24T15:53:00 GMT" skipped="0">
  <testcase classname="org.openapitools.codegen.cmd.GenerateBatchTest" name="testDeserializerWithJsonInclude" time="0.079"/>
  <testcase classname="org.openapitools.codegen.cmd.GenerateBatchTest" name="testInvalidDeserializerWithIncludeOption" time="0.036"/>
  <testcase classname="org.openapitools.codegen.cmd.GenerateBatchTest" name="testDeserializerWithJsonInclude" time="0.226"/>
  <testcase classname="org.openapitools.codegen.cmd.GenerateBatchTest" name="testDeserializerWithJsonInclude" time="0.103"/>
  <testcase classname="org.openapitools.codegen.cmd.GenerateBatchTest" name="testDeserializerWithJsonInclude" time="0.086"/>
  <testcase classname="org.openapitools.codegen.cmd.GenerateBatchTest" name="testDeserializerWithJsonInclude" time="0.051"/>
  <testcase classname="org.openapitools.codegen.cmd.GenerateBatchTest" name="testDeserializerWithJsonInclude" time="0.075"/>
  <testcase classname="org.openapitools.codegen.cmd.GenerateBatchTest" name="testDeserializerWithJsonInclude" time="2.029"/>
  <testcase classname="org.openapitools.codegen.cmd.GenerateBatchTest" name="testDeserializerWithJsonInclude" time="0.109"/>
</testsuite> <!-- org.openapitools.codegen.cmd.GenerateBatchTest -->
