<?xml version="1.0" encoding="UTF-8"?>
<!-- Generated by org.testng.reporters.JUnitReportReporter -->
<testsuite hostname="fv-az1347-321" failures="0" tests="36" name="org.openapitools.codegen.cmd.GenerateTest" time="3.682" errors="0" timestamp="2024-09-24T15:53:00 GMT" skipped="0">
  <testcase classname="org.openapitools.codegen.cmd.GenerateTest" name="testArtifactId" time="1.228"/>
  <testcase classname="org.openapitools.codegen.cmd.GenerateTest" name="testVerboseShort" time="0.026"/>
  <testcase classname="org.openapitools.codegen.cmd.GenerateTest" name="testAuthShort" time="0.079"/>
  <testcase classname="org.openapitools.codegen.cmd.GenerateTest" name="testTemplateDirShort" time="0.026"/>
  <testcase classname="org.openapitools.codegen.cmd.GenerateTest" name="testTypeMappingsLong" time="0.032"/>
  <testcase classname="org.openapitools.codegen.cmd.GenerateTest" name="testArtifactVersion" time="0.078"/>
  <testcase classname="org.openapitools.codegen.cmd.GenerateTest" name="testImportMappingsLongMultiple" time="0.033"/>
  <testcase classname="org.openapitools.codegen.cmd.GenerateTest" name="testRequiredArgs_ShortArgs" time="0.026"/>
  <testcase classname="org.openapitools.codegen.cmd.GenerateTest" name="testTemplateDirLong" time="0.026"/>
  <testcase classname="org.openapitools.codegen.cmd.GenerateTest" name="testSkipOverwriteShort" time="0.040"/>
  <testcase classname="org.openapitools.codegen.cmd.GenerateTest" name="testInstantiationTypesLongMultiple" time="0.033"/>
  <testcase classname="org.openapitools.codegen.cmd.GenerateTest" name="testVerboseLong" time="0.027"/>
  <testcase classname="org.openapitools.codegen.cmd.GenerateTest" name="testLibrary" time="0.031"/>
  <testcase classname="org.openapitools.codegen.cmd.GenerateTest" name="testStrictSpecFalse" time="0.027"/>
  <testcase classname="org.openapitools.codegen.cmd.GenerateTest" name="testImportMappingsLong" time="0.038"/>
  <testcase classname="org.openapitools.codegen.cmd.GenerateTest" name="testAdditionalPropertiesLong" time="0.959"/>
  <testcase classname="org.openapitools.codegen.cmd.GenerateTest" name="testLanguageSpecificPrimitives" time="0.034"/>
  <testcase classname="org.openapitools.codegen.cmd.GenerateTest" name="testInstantiationTypesLong" time="0.037"/>
  <testcase classname="org.openapitools.codegen.cmd.GenerateTest" name="testConfigYamlLong" time="0.034"/>
  <testcase classname="org.openapitools.codegen.cmd.GenerateTest" name="testConfigJsonShort" time="0.037"/>
  <testcase classname="org.openapitools.codegen.cmd.GenerateTest" name="testNPEWithInvalidSpecFile" time="0.093"/>
  <testcase classname="org.openapitools.codegen.cmd.GenerateTest" name="testSkipOverwriteLong" time="0.026"/>
  <testcase classname="org.openapitools.codegen.cmd.GenerateTest" name="testStrictSpecTrue" time="0.028"/>
  <testcase classname="org.openapitools.codegen.cmd.GenerateTest" name="testModelPackage" time="0.030"/>
  <testcase classname="org.openapitools.codegen.cmd.GenerateTest" name="testTypeMappingsLongMultiple" time="0.028"/>
  <testcase classname="org.openapitools.codegen.cmd.GenerateTest" name="testGroupId" time="0.037"/>
  <testcase classname="org.openapitools.codegen.cmd.GenerateTest" name="testTemplateDirMustExist" time="0.008"/>
  <testcase classname="org.openapitools.codegen.cmd.GenerateTest" name="testPackageName" time="0.012"/>
  <testcase classname="org.openapitools.codegen.cmd.GenerateTest" name="testRequiredArgs_LongArgs" time="0.029"/>
  <testcase classname="org.openapitools.codegen.cmd.GenerateTest" name="testApiPackage" time="0.093"/>
  <testcase classname="org.openapitools.codegen.cmd.GenerateTest" name="testInvokerPackage" time="0.033"/>
  <testcase classname="org.openapitools.codegen.cmd.GenerateTest" name="testConfigYamlShort" time="0.036"/>
  <testcase classname="org.openapitools.codegen.cmd.GenerateTest" name="testAdditionalPropertiesLongMultiple" time="0.204"/>
  <testcase classname="org.openapitools.codegen.cmd.GenerateTest" name="testConfigJsonLong" time="0.035"/>
  <testcase classname="org.openapitools.codegen.cmd.GenerateTest" name="testAuthUnspecified" time="0.062"/>
  <testcase classname="org.openapitools.codegen.cmd.GenerateTest" name="testAuthLong" time="0.077"/>
</testsuite> <!-- org.openapitools.codegen.cmd.GenerateTest -->
