<?xml version="1.0" encoding="UTF-8"?>
<!-- Generated by org.testng.reporters.JUnitReportReporter -->
<testsuite hostname="fv-az1347-321" failures="0" tests="1" name="org.openapitools.codegen.cmd.AuthorTemplateTest" time="1.761" errors="0" timestamp="2024-09-24T15:53:00 GMT" skipped="0">
  <testcase classname="org.openapitools.codegen.cmd.AuthorTemplateTest" name="smokeTestAuthorTemplateCommand" time="1.761"/>
</testsuite> <!-- org.openapitools.codegen.cmd.AuthorTemplateTest -->
